2026-01-27 02:17:08,083:DEBUG:certbot._internal.main:certbot version: 5.2.2
2026-01-27 02:17:08,083:DEBUG:certbot._internal.main:Location of certbot entry point: /opt/certbot/bin/certbot
2026-01-27 02:17:08,083:DEBUG:certbot._internal.main:Arguments: ['--config', '/etc/letsencrypt.ini', '--work-dir', '/tmp/letsencrypt-lib', '--logs-dir', '/data/logs', '--cert-name', 'npm-4', '--agree-tos', '--authenticator', 'webroot', '-m', 'auggadam@gmail.com', '--preferred-challenges', 'http', '--domains', 'my-monitor.local']
2026-01-27 02:17:08,086:DEBUG:certbot._internal.main:Discovered plugins: PluginsRegistry(PluginEntryPoint#manual,PluginEntryPoint#null,PluginEntryPoint#standalone,PluginEntryPoint#webroot)
2026-01-27 02:17:08,134:DEBUG:certbot._internal.log:Root logging level set at 30
2026-01-27 02:17:08,137:DEBUG:certbot._internal.plugins.selection:Requested authenticator webroot and installer None
2026-01-27 02:17:08,137:DEBUG:certbot._internal.plugins.selection:Single candidate plugin: * webroot
Description: Saves the necessary validation files to a .well-known/acme-challenge/ directory within the nominated webroot path. A separate HTTP server must be running and serving files from the webroot path. HTTP challenge only (wildcards not supported).
Interfaces: Authenticator, Plugin
Entry point: EntryPoint(name='webroot', value='certbot._internal.plugins.webroot:Authenticator', group='certbot.plugins')
Initialized: <certbot._internal.plugins.webroot.Authenticator object at 0x7773ec8f5790>
Prep: True
2026-01-27 02:17:08,139:DEBUG:certbot._internal.plugins.selection:Selected authenticator <certbot._internal.plugins.webroot.Authenticator object at 0x7773ec8f5790> and installer None
2026-01-27 02:17:08,139:INFO:certbot._internal.plugins.selection:Plugins selected: Authenticator webroot, Installer None
2026-01-27 02:17:08,450:DEBUG:certbot._internal.main:Picked account: <Account(RegistrationResource(body=Registration(key=None, contact=(), agreement=None, status=None, terms_of_service_agreed=None, only_return_existing=None, external_account_binding=None), uri='https://acme-v02.api.letsencrypt.org/acme/acct/2989991466', new_authzr_uri=None, terms_of_service=None), 7147010900e6bf364f8dde69ff47e544, Meta(creation_dt=datetime.datetime(2026, 1, 23, 2, 9, 50, tzinfo=datetime.timezone.utc), creation_host='fc9999bba52e', register_to_eff=None))>
2026-01-27 02:17:08,452:DEBUG:acme.client:Sending GET request to https://acme-v02.api.letsencrypt.org/directory.
2026-01-27 02:17:08,459:DEBUG:urllib3.connectionpool:Starting new HTTPS connection (1): acme-v02.api.letsencrypt.org:443
2026-01-27 02:17:10,752:DEBUG:urllib3.connectionpool:https://acme-v02.api.letsencrypt.org:443 "GET /directory HTTP/1.1" 200 1033
2026-01-27 02:17:10,754:DEBUG:acme.client:Received response:
HTTP 200
Server: nginx
Date: Tue, 27 Jan 2026 02:17:10 GMT
Content-Type: application/json
Content-Length: 1033
Connection: keep-alive
Cache-Control: public, max-age=0, no-cache
X-Frame-Options: DENY
Strict-Transport-Security: max-age=604800

{
  "7L-r8pnn1gs": "https://community.letsencrypt.org/t/adding-random-entries-to-the-directory/33417",
  "keyChange": "https://acme-v02.api.letsencrypt.org/acme/key-change",
  "meta": {
    "caaIdentities": [
      "letsencrypt.org"
    ],
    "profiles": {
      "classic": "https://letsencrypt.org/docs/profiles#classic",
      "shortlived": "https://letsencrypt.org/docs/profiles#shortlived",
      "tlsclient": "https://letsencrypt.org/docs/profiles#tlsclient",
      "tlsserver": "https://letsencrypt.org/docs/profiles#tlsserver"
    },
    "termsOfService": "https://letsencrypt.org/documents/LE-SA-v1.6-August-18-2025.pdf",
    "website": "https://letsencrypt.org"
  },
  "newAccount": "https://acme-v02.api.letsencrypt.org/acme/new-acct",
  "newNonce": "https://acme-v02.api.letsencrypt.org/acme/new-nonce",
  "newOrder": "https://acme-v02.api.letsencrypt.org/acme/new-order",
  "renewalInfo": "https://acme-v02.api.letsencrypt.org/acme/renewal-info",
  "revokeCert": "https://acme-v02.api.letsencrypt.org/acme/revoke-cert"
}
2026-01-27 02:17:10,756:DEBUG:certbot._internal.display.obj:Notifying user: Requesting a certificate for my-monitor.local
2026-01-27 02:17:10,777:DEBUG:acme.client:Requesting fresh nonce
2026-01-27 02:17:10,778:DEBUG:acme.client:Sending HEAD request to https://acme-v02.api.letsencrypt.org/acme/new-nonce.
2026-01-27 02:17:11,463:DEBUG:urllib3.connectionpool:https://acme-v02.api.letsencrypt.org:443 "HEAD /acme/new-nonce HTTP/1.1" 200 0
2026-01-27 02:17:11,466:DEBUG:acme.client:Received response:
HTTP 200
Server: nginx
Date: Tue, 27 Jan 2026 02:17:10 GMT
Connection: keep-alive
Cache-Control: public, max-age=0, no-cache
Link: <https://acme-v02.api.letsencrypt.org/directory>;rel="index"
Replay-Nonce: F4vGLPjlkoq_5478DPZLPFP9un53hek1x9WKU8Apk5_BKXLg2zw
X-Frame-Options: DENY
Strict-Transport-Security: max-age=604800


2026-01-27 02:17:11,466:DEBUG:acme.client:Storing nonce: F4vGLPjlkoq_5478DPZLPFP9un53hek1x9WKU8Apk5_BKXLg2zw
2026-01-27 02:17:11,467:DEBUG:acme.client:JWS payload:
b'{\n  "identifiers": [\n    {\n      "type": "dns",\n      "value": "my-monitor.local"\n    }\n  ]\n}'
2026-01-27 02:17:11,479:DEBUG:acme.client:Sending POST request to https://acme-v02.api.letsencrypt.org/acme/new-order:
{
  "protected": "eyJhbGciOiAiUlMyNTYiLCAia2lkIjogImh0dHBzOi8vYWNtZS12MDIuYXBpLmxldHNlbmNyeXB0Lm9yZy9hY21lL2FjY3QvMjk4OTk5MTQ2NiIsICJub25jZSI6ICJGNHZHTFBqbGtvcV81NDc4RFBaTFBGUDl1bjUzaGVrMXg5V0tVOEFwazVfQktYTGcyenciLCAidXJsIjogImh0dHBzOi8vYWNtZS12MDIuYXBpLmxldHNlbmNyeXB0Lm9yZy9hY21lL25ldy1vcmRlciJ9",
  "signature": "FBso2Hc4rqPqi3UYb3Z-MfCP-RVV14skITSwVMW4sOFqMv1N_umy5lbZQopBapoangr9_T_2sVypTSx9LFkyf0WEYOCSXbtHeNyY6h8aJwgD-z-WbBQvHU6CmKzaTbXxpR3jFmeNIlHoaZ7kBP4c5klQ6u0OkPTdPj7FwtP6-FcCmyph6slMyKz93iB_srWJx0-XjWiQRrCxnMwZaL6pMqJBoyBHhs5MANcMUQNtkI4Cf-J8kdJQbTaW_eio0QddP2JFR7TFDe0DhylncwWOUoRMWDPFiSgEkEI8NDpxxejgFvUPtYSZ_2t0D8ZTNVKqtHhDUfWmc4d-yqhf8C5iuw",
  "payload": "ewogICJpZGVudGlmaWVycyI6IFsKICAgIHsKICAgICAgInR5cGUiOiAiZG5zIiwKICAgICAgInZhbHVlIjogIm15LW1vbml0b3IubG9jYWwiCiAgICB9CiAgXQp9"
}
2026-01-27 02:17:12,210:DEBUG:urllib3.connectionpool:https://acme-v02.api.letsencrypt.org:443 "POST /acme/new-order HTTP/1.1" 400 223
2026-01-27 02:17:12,211:DEBUG:acme.client:Received response:
HTTP 400
Server: nginx
Date: Tue, 27 Jan 2026 02:17:11 GMT
Content-Type: application/problem+json
Content-Length: 223
Connection: keep-alive
Boulder-Requester: 2989991466
Cache-Control: public, max-age=0, no-cache
Link: <https://acme-v02.api.letsencrypt.org/directory>;rel="index"
Replay-Nonce: z6o3uXKgFi8DYwuX39nATcFCYnITmmXOweDWHKz7lcutHHvUKu8

{
  "type": "urn:ietf:params:acme:error:rejectedIdentifier",
  "detail": "Invalid identifiers requested :: Cannot issue for \"my-monitor.local\": Domain name does not end with a valid public suffix (TLD)",
  "status": 400
}
2026-01-27 02:17:12,213:DEBUG:certbot._internal.log:Exiting abnormally:
Traceback (most recent call last):
  File "/opt/certbot/bin/certbot", line 7, in <module>
    sys.exit(main())
             ^^^^^^
  File "/opt/certbot/lib/python3.11/site-packages/certbot/main.py", line 18, in main
    return internal_main.main(cli_args)
           ^^^^^^^^^^^^^^^^^^^^^^^^^^^^
  File "/opt/certbot/lib/python3.11/site-packages/certbot/_internal/main.py", line 1876, in main
    return config.func(config, plugins)
           ^^^^^^^^^^^^^^^^^^^^^^^^^^^^
  File "/opt/certbot/lib/python3.11/site-packages/certbot/_internal/main.py", line 1588, in certonly
    lineage = _get_and_save_cert(le_client, config, sans, certname, lineage)
              ^^^^^^^^^^^^^^^^^^^^^^^^^^^^^^^^^^^^^^^^^^^^^^^^^^^^^^^^^^^^^^
  File "/opt/certbot/lib/python3.11/site-packages/certbot/_internal/main.py", line 143, in _get_and_save_cert
    lineage = le_client.obtain_and_enroll_certificate(sans, certname)
              ^^^^^^^^^^^^^^^^^^^^^^^^^^^^^^^^^^^^^^^^^^^^^^^^^^^^^^^
  File "/opt/certbot/lib/python3.11/site-packages/certbot/_internal/client.py", line 531, in obtain_and_enroll_certificate
    cert, chain, key, _ = self.obtain_certificate(sans)
                          ^^^^^^^^^^^^^^^^^^^^^^^^^^^^^
  File "/opt/certbot/lib/python3.11/site-packages/certbot/_internal/client.py", line 432, in obtain_certificate
    orderr = self._get_order_and_authorizations(csr.data, self.config.allow_subset_of_names)
             ^^^^^^^^^^^^^^^^^^^^^^^^^^^^^^^^^^^^^^^^^^^^^^^^^^^^^^^^^^^^^^^^^^^^^^^^^^^^^^^
  File "/opt/certbot/lib/python3.11/site-packages/certbot/_internal/client.py", line 492, in _get_order_and_authorizations
    orderr = self.acme.new_order(csr_pem, profile=profile)
             ^^^^^^^^^^^^^^^^^^^^^^^^^^^^^^^^^^^^^^^^^^^^^
  File "/opt/certbot/lib/python3.11/site-packages/acme/client.py", line 135, in new_order
    response = self._post(self.directory['newOrder'], order)
               ^^^^^^^^^^^^^^^^^^^^^^^^^^^^^^^^^^^^^^^^^^^^^
  File "/opt/certbot/lib/python3.11/site-packages/acme/client.py", line 461, in _post
    return self.net.post(*args, **kwargs)
           ^^^^^^^^^^^^^^^^^^^^^^^^^^^^^^
  File "/opt/certbot/lib/python3.11/site-packages/acme/client.py", line 812, in post
    return self._post_once(*args, **kwargs)
           ^^^^^^^^^^^^^^^^^^^^^^^^^^^^^^^^
  File "/opt/certbot/lib/python3.11/site-packages/acme/client.py", line 827, in _post_once
    response = self._check_response(response, content_type=content_type)
               ^^^^^^^^^^^^^^^^^^^^^^^^^^^^^^^^^^^^^^^^^^^^^^^^^^^^^^^^^
  File "/opt/certbot/lib/python3.11/site-packages/acme/client.py", line 699, in _check_response
    raise messages.Error.from_json(jobj)
acme.messages.Error: urn:ietf:params:acme:error:rejectedIdentifier :: The server will not issue certificates for the identifier :: Invalid identifiers requested :: Cannot issue for "my-monitor.local": Domain name does not end with a valid public suffix (TLD)
2026-01-27 02:17:12,223:ERROR:certbot._internal.log:An unexpected error occurred:
2026-01-27 02:17:12,223:ERROR:certbot._internal.log:Invalid identifiers requested :: Cannot issue for "my-monitor.local": Domain name does not end with a valid public suffix (TLD)
